<?xml version="1.0" encoding="UTF-8"?>
<!-- Generated by org.testng.reporters.JUnitReportReporter -->
<testsuite skipped="0" hostname="Anands-iMac.local" name="ioslocalparalleltesting.AndroidAp" tests="1" failures="0" timestamp="31 Oct 2019 02:21:01 GMT" time="9.385" errors="0">
  <testcase name="testiOSApp" time="9.385" classname="ioslocalparalleltesting.AndroidAp"/>
</testsuite> <!-- ioslocalparalleltesting.AndroidAp -->
