<?xml version="1.0" encoding="UTF-8"?>
<!-- Generated by org.testng.reporters.JUnitReportReporter -->
<testsuite skipped="0" hostname="Anands-iMac.local" name="parallelwebtestingbrowserstack.ParallelTestWithMultiThread" tests="4" failures="0" timestamp="07 Nov 2019 01:29:15 GMT" time="38.089" errors="0">
  <testcase name="testOnChromeWithBrowserStackUrl2" time="9.240" classname="parallelwebtestingbrowserstack.ParallelTestWithMultiThread"/>
  <testcase name="testOnChromeWithBrowserStackSignUp2" time="9.751" classname="parallelwebtestingbrowserstack.ParallelTestWithMultiThread"/>
  <testcase name="testOnChromeWithBrowserStackSignUp" time="9.661" classname="parallelwebtestingbrowserstack.ParallelTestWithMultiThread"/>
  <testcase name="testOnChromeWithBrowserStackUrl" time="9.437" classname="parallelwebtestingbrowserstack.ParallelTestWithMultiThread"/>
</testsuite> <!-- parallelwebtestingbrowserstack.ParallelTestWithMultiThread -->
