<?xml version="1.0" encoding="UTF-8"?>
<!-- Generated by org.testng.reporters.JUnitReportReporter -->
<testsuite skipped="0" hostname="Anands-iMac.local" name="parallelwebtestingbrowserstack.SingleTest" tests="4" failures="0" timestamp="07 Nov 2019 03:15:42 GMT" time="139.514" errors="0">
  <testcase name="test" time="29.597" classname="parallelwebtestingbrowserstack.SingleTest"/>
  <testcase name="test" time="29.723" classname="parallelwebtestingbrowserstack.SingleTest"/>
  <testcase name="test" time="41.777" classname="parallelwebtestingbrowserstack.SingleTest"/>
  <testcase name="test" time="38.417" classname="parallelwebtestingbrowserstack.SingleTest"/>
</testsuite> <!-- parallelwebtestingbrowserstack.SingleTest -->
