<?xml version="1.0" encoding="UTF-8"?>
<!-- Generated by org.testng.reporters.JUnitReportReporter -->
<testsuite skipped="0" hostname="Anands-iMac.local" name="perfectorsingletest.AndroidApp" tests="1" failures="0" timestamp="11 Nov 2019 12:31:28 GMT" time="109.313" errors="0">
  <testcase name="androidTest" time="109.313" classname="perfectorsingletest.AndroidApp"/>
</testsuite> <!-- perfectorsingletest.AndroidApp -->
